#
# There is insufficient memory for the Java Runtime Environment to continue.
# Native memory allocation (malloc) failed to allocate 1245936 bytes for Chunk::new
# Possible reasons:
#   The system is out of physical RAM or swap space
#   The process is running with CompressedOops enabled, and the Java Heap may be blocking the growth of the native heap
# Possible solutions:
#   Reduce memory load on the system
#   Increase physical memory or swap space
#   Check if swap backing store is full
#   Decrease Java heap size (-Xmx/-Xms)
#   Decrease number of Java threads
#   Decrease Java thread stack sizes (-Xss)
#   Set larger code cache with -XX:ReservedCodeCacheSize=
#   JVM is running with Unscaled Compressed Oops mode in which the Java heap is
#     placed in the first 4GB address space. The Java Heap base address is the
#     maximum limit for the native heap growth. Please use -XX:HeapBaseMinAddress
#     to set the Java Heap base and to place the Java Heap above 4GB virtual address.
# This output file may be truncated or incomplete.
#
#  Out of Memory Error (allocation.cpp:389), pid=2668, tid=0x00000000000013cc
#
# JRE version: Java(TM) SE Runtime Environment (8.0_271-b09) (build 1.8.0_271-b09)
# Java VM: Java HotSpot(TM) 64-Bit Server VM (25.271-b09 mixed mode windows-amd64 compressed oops)
# Failed to write core dump. Minidumps are not enabled by default on client versions of Windows
#

---------------  T H R E A D  ---------------

Current thread (0x0000022d216fe800):  JavaThread "C2 CompilerThread0" daemon [_thread_in_native, id=5068, stack(0x000000b372d00000,0x000000b372e00000)]

Stack: [0x000000b372d00000,0x000000b372e00000]
Native frames: (J=compiled Java code, j=interpreted, Vv=VM code, C=native code)
V  [jvm.dll+0x33f6c9]
V  [jvm.dll+0x286122]
V  [jvm.dll+0x286dcd]
V  [jvm.dll+0x27d805]
V  [jvm.dll+0xe574c]
V  [jvm.dll+0xe5f4c]
V  [jvm.dll+0x462b72]
V  [jvm.dll+0x49df9d]
V  [jvm.dll+0x452bf1]
V  [jvm.dll+0x44feb4]
V  [jvm.dll+0x43aef7]
V  [jvm.dll+0xbc3eb]
V  [jvm.dll+0xbaa4b]
V  [jvm.dll+0x24e7c2]
V  [jvm.dll+0x2a2dcc]
C  [ucrtbase.dll+0x20e72]
C  [KERNEL32.DLL+0x17bd4]
C  [ntdll.dll+0x6ced1]


Current CompileTask:
C2:   9210 2898       4       org.springframework.core.annotation.TypeMappedAnnotations::get (52 bytes)


---------------  P R O C E S S  ---------------

Java Threads: ( => current thread )
  0x0000022d23908800 JavaThread "container-0" [_thread_blocked, id=1712, stack(0x000000b373300000,0x000000b373400000)]
  0x0000022d23581800 JavaThread "Catalina-utility-2" [_thread_blocked, id=6032, stack(0x000000b373200000,0x000000b373300000)]
  0x0000022d2368f800 JavaThread "Catalina-utility-1" [_thread_blocked, id=18644, stack(0x000000b373100000,0x000000b373200000)]
  0x0000022d21761000 JavaThread "Service Thread" daemon [_thread_blocked, id=9936, stack(0x000000b372f00000,0x000000b373000000)]
  0x0000022d216ff000 JavaThread "C1 CompilerThread1" daemon [_thread_blocked, id=3188, stack(0x000000b372e00000,0x000000b372f00000)]
=>0x0000022d216fe800 JavaThread "C2 CompilerThread0" daemon [_thread_in_native, id=5068, stack(0x000000b372d00000,0x000000b372e00000)]
  0x0000022d216fd000 JavaThread "Monitor Ctrl-Break" daemon [_thread_in_native, id=13496, stack(0x000000b372c00000,0x000000b372d00000)]
  0x0000022d20f25000 JavaThread "Attach Listener" daemon [_thread_blocked, id=964, stack(0x000000b372b00000,0x000000b372c00000)]
  0x0000022d20f22800 JavaThread "Signal Dispatcher" daemon [_thread_blocked, id=15544, stack(0x000000b372a00000,0x000000b372b00000)]
  0x0000022d209be000 JavaThread "Finalizer" daemon [_thread_blocked, id=16024, stack(0x000000b372900000,0x000000b372a00000)]
  0x0000022d20e94000 JavaThread "Reference Handler" daemon [_thread_blocked, id=14508, stack(0x000000b372800000,0x000000b372900000)]
  0x0000022d0a927800 JavaThread "main" [_thread_in_vm, id=3804, stack(0x000000b372400000,0x000000b372500000)]

Other Threads:
  0x0000022d209b5800 VMThread [stack: 0x000000b372700000,0x000000b372800000] [id=16900]
  0x0000022d217ae800 WatcherThread [stack: 0x000000b373000000,0x000000b373100000] [id=1832]

VM state:not at safepoint (normal execution)

VM Mutex/Monitor currently owned by a thread: None

heap address: 0x0000000081200000, size: 2030 MB, Compressed Oops mode: 32-bit
Narrow klass base: 0x0000000000000000, Narrow klass shift: 3
Compressed class space size: 1073741824 Address: 0x0000000100000000

Heap:
 PSYoungGen      total 71680K, used 33007K [0x00000000d5b80000, 0x00000000dd500000, 0x0000000100000000)
  eden space 66560K, 41% used [0x00000000d5b80000,0x00000000d76c25d0,0x00000000d9c80000)
  from space 5120K, 99% used [0x00000000d9c80000,0x00000000da179650,0x00000000da180000)
  to   space 9728K, 0% used [0x00000000dcb80000,0x00000000dcb80000,0x00000000dd500000)
 ParOldGen       total 56320K, used 10221K [0x0000000081200000, 0x0000000084900000, 0x00000000d5b80000)
  object space 56320K, 18% used [0x0000000081200000,0x0000000081bfb650,0x0000000084900000)
 Metaspace       used 28605K, capacity 30510K, committed 30720K, reserved 1075200K
  class space    used 3653K, capacity 3993K, committed 4096K, reserved 1048576K

Card table byte_map: [0x0000022d1b670000,0x0000022d1ba70000] byte_map_base: 0x0000022d1b267000

Marking Bits: (ParMarkBitMap*) 0x0000000063117fe0
 Begin Bits: [0x0000022d1bd20000, 0x0000022d1dcd8000)
 End Bits:   [0x0000022d1dcd8000, 0x0000022d1fc90000)

Polling page: 0x0000022d0c280000

CodeCache: size=245760Kb used=10283Kb max_used=10283Kb free=235476Kb
 bounds [0x0000022d0c2b0000, 0x0000022d0ccc0000, 0x0000022d1b2b0000]
 total_blobs=3333 nmethods=2943 adapters=303
 compilation: enabled

Compilation events (10 events):
Event: 9.110 Thread 0x0000022d216ff000 2939       3       com.sun.org.apache.xalan.internal.utils.XMLSecurityManager$NameMap::getOldName (18 bytes)
Event: 9.110 Thread 0x0000022d216ff000 nmethod 2939 0x0000022d0ccbaa10 code [0x0000022d0ccbab80, 0x0000022d0ccbadf0]
Event: 9.111 Thread 0x0000022d216ff000 2940       3       com.fasterxml.jackson.databind.type.ClassKey::<init> (29 bytes)
Event: 9.111 Thread 0x0000022d216ff000 nmethod 2940 0x0000022d0ccbaed0 code [0x0000022d0ccbb060, 0x0000022d0ccbb4a0]
Event: 9.118 Thread 0x0000022d216ff000 2941       3       org.springframework.core.log.CompositeLog::initLogger (45 bytes)
Event: 9.119 Thread 0x0000022d216ff000 nmethod 2941 0x0000022d0ccbb610 code [0x0000022d0ccbb7c0, 0x0000022d0ccbbe20]
Event: 9.122 Thread 0x0000022d216ff000 2942       3       java.util.concurrent.ConcurrentHashMap::compareComparables (27 bytes)
Event: 9.122 Thread 0x0000022d216ff000 nmethod 2942 0x0000022d0ccbc010 code [0x0000022d0ccbc180, 0x0000022d0ccbc5d0]
Event: 9.122 Thread 0x0000022d216ff000 2943       3       org.springframework.core.MethodClassKey::compareTo (9 bytes)
Event: 9.122 Thread 0x0000022d216ff000 nmethod 2943 0x0000022d0ccbc6d0 code [0x0000022d0ccbc840, 0x0000022d0ccbcb30]

GC Heap History (10 events):
Event: 2.787 GC heap before
{Heap before GC invocations=2 (full 0):
 PSYoungGen      total 38400K, used 38057K [0x00000000d5b80000, 0x00000000d8600000, 0x0000000100000000)
  eden space 33280K, 100% used [0x00000000d5b80000,0x00000000d7c00000,0x00000000d7c00000)
  from space 5120K, 93% used [0x00000000d7c00000,0x00000000d80aa778,0x00000000d8100000)
  to   space 5120K, 0% used [0x00000000d8100000,0x00000000d8100000,0x00000000d8600000)
 ParOldGen       total 87552K, used 8K [0x0000000081200000, 0x0000000086780000, 0x00000000d5b80000)
  object space 87552K, 0% used [0x0000000081200000,0x0000000081202000,0x0000000086780000)
 Metaspace       used 14687K, capacity 15388K, committed 15616K, reserved 1062912K
  class space    used 1797K, capacity 1972K, committed 2048K, reserved 1048576K
Event: 2.816 GC heap after
Heap after GC invocations=2 (full 0):
 PSYoungGen      total 38400K, used 5095K [0x00000000d5b80000, 0x00000000da680000, 0x0000000100000000)
  eden space 33280K, 0% used [0x00000000d5b80000,0x00000000d5b80000,0x00000000d7c00000)
  from space 5120K, 99% used [0x00000000d8100000,0x00000000d85f9f70,0x00000000d8600000)
  to   space 5120K, 0% used [0x00000000d7c00000,0x00000000d7c00000,0x00000000d8100000)
 ParOldGen       total 87552K, used 2000K [0x0000000081200000, 0x0000000086780000, 0x00000000d5b80000)
  object space 87552K, 2% used [0x0000000081200000,0x00000000813f4000,0x0000000086780000)
 Metaspace       used 14687K, capacity 15388K, committed 15616K, reserved 1062912K
  class space    used 1797K, capacity 1972K, committed 2048K, reserved 1048576K
}
Event: 3.414 GC heap before
{Heap before GC invocations=3 (full 0):
 PSYoungGen      total 38400K, used 38375K [0x00000000d5b80000, 0x00000000da680000, 0x0000000100000000)
  eden space 33280K, 100% used [0x00000000d5b80000,0x00000000d7c00000,0x00000000d7c00000)
  from space 5120K, 99% used [0x00000000d8100000,0x00000000d85f9f70,0x00000000d8600000)
  to   space 5120K, 0% used [0x00000000d7c00000,0x00000000d7c00000,0x00000000d8100000)
 ParOldGen       total 87552K, used 2000K [0x0000000081200000, 0x0000000086780000, 0x00000000d5b80000)
  object space 87552K, 2% used [0x0000000081200000,0x00000000813f4000,0x0000000086780000)
 Metaspace       used 19068K, capacity 19960K, committed 20096K, reserved 1067008K
  class space    used 2374K, capacity 2590K, committed 2688K, reserved 1048576K
Event: 3.425 GC heap after
Heap after GC invocations=3 (full 0):
 PSYoungGen      total 38400K, used 5093K [0x00000000d5b80000, 0x00000000da680000, 0x0000000100000000)
  eden space 33280K, 0% used [0x00000000d5b80000,0x00000000d5b80000,0x00000000d7c00000)
  from space 5120K, 99% used [0x00000000d7c00000,0x00000000d80f96b8,0x00000000d8100000)
  to   space 5120K, 0% used [0x00000000da180000,0x00000000da180000,0x00000000da680000)
 ParOldGen       total 87552K, used 5195K [0x0000000081200000, 0x0000000086780000, 0x00000000d5b80000)
  object space 87552K, 5% used [0x0000000081200000,0x0000000081712c78,0x0000000086780000)
 Metaspace       used 19068K, capacity 19960K, committed 20096K, reserved 1067008K
  class space    used 2374K, capacity 2590K, committed 2688K, reserved 1048576K
}
Event: 3.864 GC heap before
{Heap before GC invocations=4 (full 0):
 PSYoungGen      total 38400K, used 23698K [0x00000000d5b80000, 0x00000000da680000, 0x0000000100000000)
  eden space 33280K, 55% used [0x00000000d5b80000,0x00000000d6dab2e8,0x00000000d7c00000)
  from space 5120K, 99% used [0x00000000d7c00000,0x00000000d80f96b8,0x00000000d8100000)
  to   space 5120K, 0% used [0x00000000da180000,0x00000000da180000,0x00000000da680000)
 ParOldGen       total 87552K, used 5195K [0x0000000081200000, 0x0000000086780000, 0x00000000d5b80000)
  object space 87552K, 5% used [0x0000000081200000,0x0000000081712c78,0x0000000086780000)
 Metaspace       used 20226K, capacity 21166K, committed 21248K, reserved 1067008K
  class space    used 2531K, capacity 2757K, committed 2816K, reserved 1048576K
Event: 3.879 GC heap after
Heap after GC invocations=4 (full 0):
 PSYoungGen      total 71680K, used 5112K [0x00000000d5b80000, 0x00000000da680000, 0x0000000100000000)
  eden space 66560K, 0% used [0x00000000d5b80000,0x00000000d5b80000,0x00000000d9c80000)
  from space 5120K, 99% used [0x00000000da180000,0x00000000da67e030,0x00000000da680000)
  to   space 5120K, 0% used [0x00000000d9c80000,0x00000000d9c80000,0x00000000da180000)
 ParOldGen       total 87552K, used 6930K [0x0000000081200000, 0x0000000086780000, 0x00000000d5b80000)
  object space 87552K, 7% used [0x0000000081200000,0x00000000818c49b8,0x0000000086780000)
 Metaspace       used 20226K, capacity 21166K, committed 21248K, reserved 1067008K
  class space    used 2531K, capacity 2757K, committed 2816K, reserved 1048576K
}
Event: 3.879 GC heap before
{Heap before GC invocations=5 (full 1):
 PSYoungGen      total 71680K, used 5112K [0x00000000d5b80000, 0x00000000da680000, 0x0000000100000000)
  eden space 66560K, 0% used [0x00000000d5b80000,0x00000000d5b80000,0x00000000d9c80000)
  from space 5120K, 99% used [0x00000000da180000,0x00000000da67e030,0x00000000da680000)
  to   space 5120K, 0% used [0x00000000d9c80000,0x00000000d9c80000,0x00000000da180000)
 ParOldGen       total 87552K, used 6930K [0x0000000081200000, 0x0000000086780000, 0x00000000d5b80000)
  object space 87552K, 7% used [0x0000000081200000,0x00000000818c49b8,0x0000000086780000)
 Metaspace       used 20226K, capacity 21166K, committed 21248K, reserved 1067008K
  class space    used 2531K, capacity 2757K, committed 2816K, reserved 1048576K
Event: 3.926 GC heap after
Heap after GC invocations=5 (full 1):
 PSYoungGen      total 71680K, used 0K [0x00000000d5b80000, 0x00000000da680000, 0x0000000100000000)
  eden space 66560K, 0% used [0x00000000d5b80000,0x00000000d5b80000,0x00000000d9c80000)
  from space 5120K, 0% used [0x00000000da180000,0x00000000da180000,0x00000000da680000)
  to   space 5120K, 0% used [0x00000000d9c80000,0x00000000d9c80000,0x00000000da180000)
 ParOldGen       total 56320K, used 6753K [0x0000000081200000, 0x0000000084900000, 0x00000000d5b80000)
  object space 56320K, 11% used [0x0000000081200000,0x0000000081898798,0x0000000084900000)
 Metaspace       used 20226K, capacity 21166K, committed 21248K, reserved 1067008K
  class space    used 2531K, capacity 2757K, committed 2816K, reserved 1048576K
}
Event: 8.374 GC heap before
{Heap before GC invocations=6 (full 1):
 PSYoungGen      total 71680K, used 66560K [0x00000000d5b80000, 0x00000000da680000, 0x0000000100000000)
  eden space 66560K, 100% used [0x00000000d5b80000,0x00000000d9c80000,0x00000000d9c80000)
  from space 5120K, 0% used [0x00000000da180000,0x00000000da180000,0x00000000da680000)
  to   space 5120K, 0% used [0x00000000d9c80000,0x00000000d9c80000,0x00000000da180000)
 ParOldGen       total 56320K, used 6753K [0x0000000081200000, 0x0000000084900000, 0x00000000d5b80000)
  object space 56320K, 11% used [0x0000000081200000,0x0000000081898798,0x0000000084900000)
 Metaspace       used 26698K, capacity 28414K, committed 28672K, reserved 1075200K
  class space    used 3409K, capacity 3743K, committed 3840K, reserved 1048576K
Event: 8.389 GC heap after
Heap after GC invocations=6 (full 1):
 PSYoungGen      total 71680K, used 5093K [0x00000000d5b80000, 0x00000000dd500000, 0x0000000100000000)
  eden space 66560K, 0% used [0x00000000d5b80000,0x00000000d5b80000,0x00000000d9c80000)
  from space 5120K, 99% used [0x00000000d9c80000,0x00000000da179650,0x00000000da180000)
  to   space 9728K, 0% used [0x00000000dcb80000,0x00000000dcb80000,0x00000000dd500000)
 ParOldGen       total 56320K, used 10221K [0x0000000081200000, 0x0000000084900000, 0x00000000d5b80000)
  object space 56320K, 18% used [0x0000000081200000,0x0000000081bfb650,0x0000000084900000)
 Metaspace       used 26698K, capacity 28414K, committed 28672K, reserved 1075200K
  class space    used 3409K, capacity 3743K, committed 3840K, reserved 1048576K
}

Deoptimization events (10 events):
Event: 8.454 Thread 0x0000022d0a927800 Uncommon trap: reason=class_check action=maybe_recompile pc=0x0000022d0c9a2bf4 method=java.util.zip.InflaterInputStream.read([BII)I @ 100
Event: 8.455 Thread 0x0000022d0a927800 Uncommon trap: reason=class_check action=maybe_recompile pc=0x0000022d0c9a2bf4 method=java.util.zip.InflaterInputStream.read([BII)I @ 100
Event: 8.455 Thread 0x0000022d0a927800 Uncommon trap: reason=class_check action=maybe_recompile pc=0x0000022d0c9a2bf4 method=java.util.zip.InflaterInputStream.read([BII)I @ 100
Event: 8.612 Thread 0x0000022d0a927800 Uncommon trap: reason=unstable_if action=reinterpret pc=0x0000022d0c565b04 method=sun.nio.cs.UTF_8$Decoder.decode([BII[C)I @ 30
Event: 8.854 Thread 0x0000022d0a927800 Uncommon trap: reason=class_check action=maybe_recompile pc=0x0000022d0cb87410 method=java.lang.reflect.Method.equals(Ljava/lang/Object;)Z @ 5
Event: 8.996 Thread 0x0000022d0a927800 Uncommon trap: reason=unstable_if action=reinterpret pc=0x0000022d0cb65424 method=org.springframework.beans.factory.support.AbstractBeanFactory.isTypeMatch(Ljava/lang/String;Lorg/springframework/core/ResolvableType;Z)Z @ 559
Event: 9.013 Thread 0x0000022d0a927800 Uncommon trap: reason=unstable_if action=reinterpret pc=0x0000022d0cbb9820 method=java.lang.Class$MethodArray.matchesNameAndDescriptor(Ljava/lang/reflect/Method;Ljava/lang/reflect/Method;)Z @ 33
Event: 9.086 Thread 0x0000022d0a927800 Uncommon trap: reason=unstable_if action=reinterpret pc=0x0000022d0cc21dfc method=java.util.concurrent.ConcurrentHashMap.putVal(Ljava/lang/Object;Ljava/lang/Object;Z)Ljava/lang/Object; @ 331
Event: 9.121 Thread 0x0000022d0a927800 Uncommon trap: reason=unstable_if action=reinterpret pc=0x0000022d0c93ee8c method=java.util.concurrent.ConcurrentHashMap.transfer([Ljava/util/concurrent/ConcurrentHashMap$Node;[Ljava/util/concurrent/ConcurrentHashMap$Node;)V @ 356
Event: 9.121 Thread 0x0000022d0a927800 Uncommon trap: reason=unstable_if action=reinterpret pc=0x0000022d0c78028c method=java.util.concurrent.ConcurrentHashMap.transfer([Ljava/util/concurrent/ConcurrentHashMap$Node;[Ljava/util/concurrent/ConcurrentHashMap$Node;)V @ 356

Classes redefined (0 events):
No events

Internal exceptions (10 events):
Event: 8.898 Thread 0x0000022d0a927800 Exception <a 'java/lang/ClassNotFoundException': java/lang/ObjectCustomizer> (0x00000000d6c7fa18) thrown at [C:\jenkins\workspace\8-2-build-windows-amd64-cygwin\jdk8u271\605\hotspot\src\share\vm\classfile\systemDictionary.cpp, line 212]
Event: 8.903 Thread 0x0000022d0a927800 Exception <a 'java/lang/ClassNotFoundException': org/springframework/web/servlet/config/annotation/WebMvcConfigurationSupportCustomizer> (0x00000000d6c96f58) thrown at [C:\jenkins\workspace\8-2-build-windows-amd64-cygwin\jdk8u271\605\hotspot\src\share\vm\
Event: 8.908 Thread 0x0000022d0a927800 Exception <a 'java/lang/ClassNotFoundException': org/springframework/web/servlet/config/annotation/DelegatingWebMvcConfigurationCustomizer> (0x00000000d6cc2570) thrown at [C:\jenkins\workspace\8-2-build-windows-amd64-cygwin\jdk8u271\605\hotspot\src\share\
Event: 8.908 Thread 0x0000022d0a927800 Exception <a 'java/lang/ClassNotFoundException': org/springframework/boot/autoconfigure/web/servlet/WebMvcAutoConfiguration$EnableWebMvcConfigurationCustomizer> (0x00000000d6cdf248) thrown at [C:\jenkins\workspace\8-2-build-windows-amd64-cygwin\jdk8u271\6
Event: 8.910 Thread 0x0000022d0a927800 Exception <a 'java/lang/ClassNotFoundException': org/springframework/context/ResourceLoaderAwareCustomizer> (0x00000000d6d02250) thrown at [C:\jenkins\workspace\8-2-build-windows-amd64-cygwin\jdk8u271\605\hotspot\src\share\vm\classfile\systemDictionary.cp
Event: 8.910 Thread 0x0000022d0a927800 Exception <a 'java/lang/ClassNotFoundException': org/springframework/beans/factory/AwareCustomizer> (0x00000000d6d10258) thrown at [C:\jenkins\workspace\8-2-build-windows-amd64-cygwin\jdk8u271\605\hotspot\src\share\vm\classfile\systemDictionary.cpp, line 
Event: 8.910 Thread 0x0000022d0a927800 Exception <a 'java/lang/ClassNotFoundException': org/springframework/context/ApplicationContextAwareCustomizer> (0x00000000d6d1f408) thrown at [C:\jenkins\workspace\8-2-build-windows-amd64-cygwin\jdk8u271\605\hotspot\src\share\vm\classfile\systemDictionar
Event: 8.911 Thread 0x0000022d0a927800 Exception <a 'java/lang/ClassNotFoundException': org/springframework/beans/factory/AwareCustomizer> (0x00000000d6d2da18) thrown at [C:\jenkins\workspace\8-2-build-windows-amd64-cygwin\jdk8u271\605\hotspot\src\share\vm\classfile\systemDictionary.cpp, line 
Event: 8.911 Thread 0x0000022d0a927800 Exception <a 'java/lang/ClassNotFoundException': org/springframework/web/context/ServletContextAwareCustomizer> (0x00000000d6d3cb68) thrown at [C:\jenkins\workspace\8-2-build-windows-amd64-cygwin\jdk8u271\605\hotspot\src\share\vm\classfile\systemDictionar
Event: 8.911 Thread 0x0000022d0a927800 Exception <a 'java/lang/ClassNotFoundException': org/springframework/beans/factory/AwareCustomizer> (0x00000000d6d4abe8) thrown at [C:\jenkins\workspace\8-2-build-windows-amd64-cygwin\jdk8u271\605\hotspot\src\share\vm\classfile\systemDictionary.cpp, line 

Events (10 events):
Event: 9.126 loading class org/springframework/web/servlet/mvc/method/annotation/ResponseBodyAdvice
Event: 9.126 loading class org/springframework/web/servlet/mvc/method/annotation/ResponseBodyAdvice done
Event: 9.127 loading class org/springframework/core/task/TaskRejectedException
Event: 9.140 loading class org/springframework/core/task/TaskRejectedException done
Event: 9.141 loading class org/springframework/scheduling/concurrent/ThreadPoolTaskExecutor$1
Event: 9.141 loading class org/springframework/scheduling/concurrent/ThreadPoolTaskExecutor$1 done
Event: 9.142 loading class org/springframework/scheduling/concurrent/ThreadPoolTaskExecutor
Event: 9.142 loading class org/springframework/scheduling/concurrent/ThreadPoolTaskExecutor done
Event: 9.142 loading class org/springframework/scheduling/concurrent/ThreadPoolTaskExecutor
Event: 9.142 loading class org/springframework/scheduling/concurrent/ThreadPoolTaskExecutor done


Dynamic libraries:
0x00007ff627b90000 - 0x00007ff627bd7000 	D:\php\java\javapath\bin\java.exe
0x00007ffb98a40000 - 0x00007ffb98c30000 	C:\WINDOWS\SYSTEM32\ntdll.dll
0x00007ffb96af0000 - 0x00007ffb96ba2000 	C:\WINDOWS\System32\KERNEL32.DLL
0x00007ffb96670000 - 0x00007ffb96913000 	C:\WINDOWS\System32\KERNELBASE.dll
0x00007ffb973f0000 - 0x00007ffb97493000 	C:\WINDOWS\System32\ADVAPI32.dll
0x00007ffb978a0000 - 0x00007ffb9793e000 	C:\WINDOWS\System32\msvcrt.dll
0x00007ffb982e0000 - 0x00007ffb98377000 	C:\WINDOWS\System32\sechost.dll
0x00007ffb98520000 - 0x00007ffb98640000 	C:\WINDOWS\System32\RPCRT4.dll
0x00007ffb97700000 - 0x00007ffb97894000 	C:\WINDOWS\System32\USER32.dll
0x00007ffb959d0000 - 0x00007ffb959f1000 	C:\WINDOWS\System32\win32u.dll
0x00007ffb981e0000 - 0x00007ffb98206000 	C:\WINDOWS\System32\GDI32.dll
0x00007ffb96950000 - 0x00007ffb96ae4000 	C:\WINDOWS\System32\gdi32full.dll
0x00007ffb964d0000 - 0x00007ffb9656e000 	C:\WINDOWS\System32\msvcp_win.dll
0x00007ffb95c50000 - 0x00007ffb95d4a000 	C:\WINDOWS\System32\ucrtbase.dll
0x00007ffb81bd0000 - 0x00007ffb81e55000 	C:\WINDOWS\WinSxS\amd64_microsoft.windows.common-controls_6595b64144ccf1df_6.0.18362.535_none_e6c3b34713100821\COMCTL32.dll
0x00007ffb96bb0000 - 0x00007ffb96ee6000 	C:\WINDOWS\System32\combase.dll
0x00007ffb95a20000 - 0x00007ffb95aa0000 	C:\WINDOWS\System32\bcryptPrimitives.dll
0x00007ffb96ef0000 - 0x00007ffb96f1e000 	C:\WINDOWS\System32\IMM32.DLL
0x00007ffb70ba0000 - 0x00007ffb70bb5000 	D:\php\java\javapath\jre\bin\vcruntime140.dll
0x00007ffb3f880000 - 0x00007ffb3f91b000 	D:\php\java\javapath\jre\bin\msvcp140.dll
0x0000000062920000 - 0x000000006318f000 	D:\php\java\javapath\jre\bin\server\jvm.dll
0x00007ffb975d0000 - 0x00007ffb975d8000 	C:\WINDOWS\System32\PSAPI.DLL
0x00007ffb861d0000 - 0x00007ffb861d9000 	C:\WINDOWS\SYSTEM32\WSOCK32.dll
0x00007ffb97690000 - 0x00007ffb976ff000 	C:\WINDOWS\System32\WS2_32.dll
0x00007ffb92560000 - 0x00007ffb92584000 	C:\WINDOWS\SYSTEM32\WINMM.dll
0x00007ffb95510000 - 0x00007ffb9551a000 	C:\WINDOWS\SYSTEM32\VERSION.dll
0x00007ffb92530000 - 0x00007ffb9255d000 	C:\WINDOWS\SYSTEM32\WINMMBASE.dll
0x00007ffb96570000 - 0x00007ffb965ba000 	C:\WINDOWS\System32\cfgmgr32.dll
0x00007ffb95920000 - 0x00007ffb95931000 	C:\WINDOWS\System32\kernel.appcore.dll
0x00007ffb7ca90000 - 0x00007ffb7caa0000 	D:\php\java\javapath\jre\bin\verify.dll
0x00007ffb3f6f0000 - 0x00007ffb3f71b000 	D:\php\java\javapath\jre\bin\java.dll
0x00007ffb3ee90000 - 0x00007ffb3eec0000 	D:\php\java\javapath\jre\bin\instrument.dll
0x00007ffb552a0000 - 0x00007ffb552b8000 	D:\php\java\javapath\jre\bin\zip.dll
0x00007ffb97940000 - 0x00007ffb98025000 	C:\WINDOWS\System32\SHELL32.dll
0x00007ffb98950000 - 0x00007ffb989f9000 	C:\WINDOWS\System32\shcore.dll
0x00007ffb95d50000 - 0x00007ffb964cf000 	C:\WINDOWS\System32\windows.storage.dll
0x00007ffb95960000 - 0x00007ffb9597f000 	C:\WINDOWS\System32\profapi.dll
0x00007ffb95980000 - 0x00007ffb959ca000 	C:\WINDOWS\System32\powrprof.dll
0x00007ffb95910000 - 0x00007ffb95920000 	C:\WINDOWS\System32\UMPDC.dll
0x00007ffb974a0000 - 0x00007ffb974f2000 	C:\WINDOWS\System32\shlwapi.dll
0x00007ffb95a00000 - 0x00007ffb95a17000 	C:\WINDOWS\System32\cryptsp.dll
0x00007ffb41ae0000 - 0x00007ffb41afa000 	D:\php\java\javaide\idea\IntelliJ IDEA Community Edition 2020.1.3\bin\breakgen64.dll
0x00007ffb3f7c0000 - 0x00007ffb3f7dc000 	D:\php\java\javapath\jre\bin\net.dll
0x00007ffb95110000 - 0x00007ffb95177000 	C:\WINDOWS\system32\mswsock.dll
0x00007ffb7c1b0000 - 0x00007ffb7c1bd000 	D:\php\java\javapath\jre\bin\management.dll
0x00007ffb7d0a0000 - 0x00007ffb7d0b6000 	C:\WINDOWS\system32\napinsp.dll
0x00007ffb7cd70000 - 0x00007ffb7cd8a000 	C:\WINDOWS\system32\pnrpnsp.dll
0x00007ffb94e60000 - 0x00007ffb94f2a000 	C:\WINDOWS\SYSTEM32\DNSAPI.dll
0x00007ffb98380000 - 0x00007ffb98388000 	C:\WINDOWS\System32\NSI.dll
0x00007ffb94e20000 - 0x00007ffb94e5a000 	C:\WINDOWS\SYSTEM32\IPHLPAPI.DLL
0x00007ffb8aa20000 - 0x00007ffb8aa2e000 	C:\WINDOWS\System32\winrnr.dll
0x00007ffb922b0000 - 0x00007ffb922cc000 	C:\WINDOWS\system32\NLAapi.dll
0x00007ffb7c3d0000 - 0x00007ffb7c3e5000 	C:\WINDOWS\system32\wshbth.dll
0x00007ffb8aae0000 - 0x00007ffb8aaea000 	C:\Windows\System32\rasadhlp.dll
0x00007ffb8fbf0000 - 0x00007ffb8fc67000 	C:\WINDOWS\System32\fwpuclnt.dll
0x00007ffb96920000 - 0x00007ffb96946000 	C:\WINDOWS\System32\bcrypt.dll
0x00007ffb3ee20000 - 0x00007ffb3ee33000 	D:\php\java\javapath\jre\bin\nio.dll
0x00007ffb94c80000 - 0x00007ffb94cb3000 	C:\WINDOWS\system32\rsaenh.dll
0x00007ffb95830000 - 0x00007ffb95855000 	C:\WINDOWS\SYSTEM32\USERENV.dll
0x00007ffb952e0000 - 0x00007ffb952ec000 	C:\WINDOWS\SYSTEM32\CRYPTBASE.dll
0x00007ffb90700000 - 0x00007ffb90716000 	C:\WINDOWS\SYSTEM32\dhcpcsvc6.DLL
0x00007ffb906e0000 - 0x00007ffb906fc000 	C:\WINDOWS\SYSTEM32\dhcpcsvc.DLL
0x00007ffb84c60000 - 0x00007ffb84e54000 	C:\WINDOWS\SYSTEM32\dbghelp.dll

VM Arguments:
jvm_args: -javaagent:D:\php\java\javaide\idea\IntelliJ IDEA Community Edition 2020.1.3\lib\idea_rt.jar=58711:D:\php\java\javaide\idea\IntelliJ IDEA Community Edition 2020.1.3\bin -Dfile.encoding=UTF-8 
java_command: com.example.demo.DemoApplication
java_class_path (initial): D:\php\java\javapath\jre\lib\charsets.jar;D:\php\java\javapath\jre\lib\deploy.jar;D:\php\java\javapath\jre\lib\ext\access-bridge-64.jar;D:\php\java\javapath\jre\lib\ext\cldrdata.jar;D:\php\java\javapath\jre\lib\ext\dnsns.jar;D:\php\java\javapath\jre\lib\ext\jaccess.jar;D:\php\java\javapath\jre\lib\ext\jfxrt.jar;D:\php\java\javapath\jre\lib\ext\localedata.jar;D:\php\java\javapath\jre\lib\ext\nashorn.jar;D:\php\java\javapath\jre\lib\ext\sunec.jar;D:\php\java\javapath\jre\lib\ext\sunjce_provider.jar;D:\php\java\javapath\jre\lib\ext\sunmscapi.jar;D:\php\java\javapath\jre\lib\ext\sunpkcs11.jar;D:\php\java\javapath\jre\lib\ext\zipfs.jar;D:\php\java\javapath\jre\lib\javaws.jar;D:\php\java\javapath\jre\lib\jce.jar;D:\php\java\javapath\jre\lib\jfr.jar;D:\php\java\javapath\jre\lib\jfxswt.jar;D:\php\java\javapath\jre\lib\jsse.jar;D:\php\java\javapath\jre\lib\management-agent.jar;D:\php\java\javapath\jre\lib\plugin.jar;D:\php\java\javapath\jre\lib\resources.jar;D:\php\java\javapath\jre\lib\rt.jar;D:\php\java\web\javaadmin\target\classes;C:\Users\있\.m2\repository\org\springframework\boot\spring-boot-starter-jdbc\2.5.2\spring-boot-starter-jdbc-2.5.2.jar;C:\Users\있\.m2\repository\org\springframework\boot\spring-boot-starter\2.5.2\spring-boot-starter-2.5.2.jar;C:\Users\있\.m2\repository\org\springframework\boot\spring-boot\2.5.2\spring-boot-2.5.2.jar;C:\Users\있\.m2\repository\org\springframework\boot\spring-boot-autoconfigure\2.5.2\spring-boot-autoconfigure-2.5.2.jar;C:\Users\있\.m2\repository\org\springframework\boot\spring-boot-starter-logging\2.5.2\spring-boot-starter-logging-2.5.2.jar;C:\Users\있\.m2\repository\ch\qos\logback\logback-classic\1.2.3\logback-classic-1.2.3.jar;C:\Users\있\.m2\repository\ch\qos\logback\logback-core\1.2.3\logback-core-1.2.3.jar;C:\Users\있\.m2\repository\org\apache\logging\log4j\log4j-to-slf4j\2.14.1\log4j-to-slf4j-2.14.1.jar;C:\Users\있\.m2\repository\org\apache\logging\log4j\log4j-api\2.14.1\log4j-api-2.14.1.jar;C:\U
Launcher Type: SUN_STANDARD

Environment Variables:
JAVA_HOME=D:\php\java\jre
USERNAME=있
OS=Windows_NT
PROCESSOR_IDENTIFIER=Intel64 Family 6 Model 158 Stepping 9, GenuineIntel



---------------  S Y S T E M  ---------------

OS: Windows 10.0 , 64 bit Build 18362 (10.0.18362.329)

CPU:total 2 (initial active 2) (2 cores per cpu, 1 threads per core) family 6 model 158 stepping 9, cmov, cx8, fxsr, mmx, sse, sse2, sse3, ssse3, sse4.1, sse4.2, popcnt, aes, clmul, erms, 3dnowpref, lzcnt, tsc, tscinvbit

Memory: 4k page, physical 8312904k(1203616k free), swap 11877024k(5368k free)

vm_info: Java HotSpot(TM) 64-Bit Server VM (25.271-b09) for windows-amd64 JRE (1.8.0_271-b09), built on Sep 16 2020 19:14:59 by "" with MS VC++ 15.9 (VS2017)

time: Tue Jul 20 15:35:29 2021
timezone: ?D1㉡÷㉩≠?㉩÷??
elapsed time: 9.219301 seconds (0d 0h 0m 9s)

